app/build/outputs/logs/manifest-merger-debug-report.txt
-- Merging decision tree log ---
manifest
ADDED from src\main\AndroidManifest.xml:2:1-183:12
	package
		ADDED from src\main\AndroidManifest.xml:3:5-49
		INJECTED from src\main\AndroidManifest.xml
		INJECTED from src\main\AndroidManifest.xml
	android:versionName
		ADDED from src\main\AndroidManifest.xml:5:5-30
		INJECTED from src\main\AndroidManifest.xml
		INJECTED from src\main\AndroidManifest.xml
	android:versionCode
		ADDED from src\main\AndroidManifest.xml:4:5-30
		INJECTED from src\main\AndroidManifest.xml
		INJECTED from src\main\AndroidManifest.xml
	xmlns:android
		ADDED from src\main\AndroidManifest.xml:2:11-69
uses-sdk
ADDED from src\main\AndroidManifest.xml:13:5-15:41
MERGED from [com.android.support:appcompat-v7:22.2.1] AndroidManifest.xml:20:5-43
MERGED from [com.android.support:support-v4:22.2.1] AndroidManifest.xml:20:5-43
	android:targetSdkVersion
		ADDED from src\main\AndroidManifest.xml:15:9-38
		INJECTED from src\main\AndroidManifest.xml
		INJECTED from src\main\AndroidManifest.xml
	android:minSdkVersion
		ADDED from src\main\AndroidManifest.xml:14:9-35
		INJECTED from src\main\AndroidManifest.xml
		INJECTED from src\main\AndroidManifest.xml
uses-feature#0x00020000
ADDED from src\main\AndroidManifest.xml:17:5-54
	android:glEsVersion
		ADDED from src\main\AndroidManifest.xml:17:19-51
uses-feature#android.hardware.camera
ADDED from src\main\AndroidManifest.xml:33:5-60
	android:name
		ADDED from src\main\AndroidManifest.xml:33:19-57
uses-permission#android.permission.CAMERA
ADDED from src\main\AndroidManifest.xml:36:5-65
	android:name
		ADDED from src\main\AndroidManifest.xml:36:22-62
uses-permission#android.permission.INTERNET
ADDED from src\main\AndroidManifest.xml:39:5-67
	android:name
		ADDED from src\main\AndroidManifest.xml:39:22-64
uses-permission#android.permission.ACCESS_NETWORK_STATE
ADDED from src\main\AndroidManifest.xml:45:5-79
	android:name
		ADDED from src\main\AndroidManifest.xml:45:22-76
uses-permission#android.permission.READ_EXTERNAL_STORAGE
ADDED from src\main\AndroidManifest.xml:46:5-80
	android:name
		ADDED from src\main\AndroidManifest.xml:46:22-77
android:uses-permission#android.permission.WRITE_EXTERNAL_STORAGE
ADDED from src\main\AndroidManifest.xml:48:5-89
	android:name
		ADDED from src\main\AndroidManifest.xml:48:30-86
android:uses-permission#android.permission.READ_PHONE_STATE
ADDED from src\main\AndroidManifest.xml:49:5-83
	android:name
		ADDED from src\main\AndroidManifest.xml:49:30-80
uses-permission#android.permission.WRITE_EXTERNAL_STORAGE
ADDED from src\main\AndroidManifest.xml:52:5-81
	android:name
		ADDED from src\main\AndroidManifest.xml:52:22-78
uses-permission#android.permission.ACCESS_WIFI_STATE
ADDED from src\main\AndroidManifest.xml:54:5-76
	android:name
		ADDED from src\main\AndroidManifest.xml:54:22-73
uses-permission#android.permission.READ_PHONE_STATE
ADDED from src\main\AndroidManifest.xml:55:5-75
	android:name
		ADDED from src\main\AndroidManifest.xml:55:22-72
uses-permission#android.permission.ACCESS_COARSE_LOCATION
ADDED from src\main\AndroidManifest.xml:56:5-81
	android:name
		ADDED from src\main\AndroidManifest.xml:56:22-78
uses-permission#android.permission.ACCESS_FINE_LOCATION
ADDED from src\main\AndroidManifest.xml:57:5-79
	android:name
		ADDED from src\main\AndroidManifest.xml:57:22-76
uses-permission#android.permission.ACCESS_LOCATION_EXTRA_COMMANDS
ADDED from src\main\AndroidManifest.xml:58:5-89
	android:name
		ADDED from src\main\AndroidManifest.xml:58:22-86
uses-permission#android.permission.CHANGE_WIFI_STATE
ADDED from src\main\AndroidManifest.xml:59:5-76
	android:name
		ADDED from src\main\AndroidManifest.xml:59:22-73
uses-permission#android.permission.CHANGE_CONFIGURATION
ADDED from src\main\AndroidManifest.xml:60:5-79
	android:name
		ADDED from src\main\AndroidManifest.xml:60:22-76
uses-permission#android.permission.WRITE_SETTINGS
ADDED from src\main\AndroidManifest.xml:61:5-73
	android:name
		ADDED from src\main\AndroidManifest.xml:61:22-70
application
ADDED from src\main\AndroidManifest.xml:73:5-181:19
MERGED from [com.android.support:appcompat-v7:22.2.1] AndroidManifest.xml:22:5-20
MERGED from [com.android.support:support-v4:22.2.1] AndroidManifest.xml:22:5-20
	android:label
		ADDED from src\main\AndroidManifest.xml:78:9-41
	android:launchMode
		ADDED from src\main\AndroidManifest.xml:79:9-40
	android:allowBackup
		ADDED from src\main\AndroidManifest.xml:75:9-35
	android:icon
		ADDED from src\main\AndroidManifest.xml:77:9-40
	android:description
		ADDED from src\main\AndroidManifest.xml:76:9-54
	android:theme
		ADDED from src\main\AndroidManifest.xml:80:9-47
	android:name
		ADDED from src\main\AndroidManifest.xml:74:9-45
activity#com.vuforia.samples.VuforiaSamples.ui.ActivityList.ActivitySplashScreen
ADDED from src\main\AndroidManifest.xml:97:9-107:20
	android:screenOrientation
		ADDED from src\main\AndroidManifest.xml:101:13-49
	android:noHistory
		ADDED from src\main\AndroidManifest.xml:100:13-37
	android:configChanges
		ADDED from src\main\AndroidManifest.xml:99:13-93
	android:name
		ADDED from src\main\AndroidManifest.xml:98:13-65
intent-filter#android.intent.action.MAIN+android.intent.category.LAUNCHER
ADDED from src\main\AndroidManifest.xml:102:13-106:29
action#android.intent.action.MAIN
ADDED from src\main\AndroidManifest.xml:103:17-69
	android:name
		ADDED from src\main\AndroidManifest.xml:103:25-66
category#android.intent.category.LAUNCHER
ADDED from src\main\AndroidManifest.xml:105:17-77
	android:name
		ADDED from src\main\AndroidManifest.xml:105:27-74
activity#com.vuforia.samples.VuforiaSamples.ui.ActivityList.ActivityLauncher
ADDED from src\main\AndroidManifest.xml:108:9-111:52
	android:screenOrientation
		ADDED from src\main\AndroidManifest.xml:111:13-49
	android:configChanges
		ADDED from src\main\AndroidManifest.xml:110:13-93
	android:name
		ADDED from src\main\AndroidManifest.xml:109:13-61
activity#com.vuforia.samples.VuforiaSamples.ui.ActivityList.AboutScreen
ADDED from src\main\AndroidManifest.xml:112:9-116:52
	android:screenOrientation
		ADDED from src\main\AndroidManifest.xml:116:13-49
	android:noHistory
		ADDED from src\main\AndroidManifest.xml:115:13-37
	android:configChanges
		ADDED from src\main\AndroidManifest.xml:114:13-93
	android:name
		ADDED from src\main\AndroidManifest.xml:113:13-56
activity#com.vuforia.samples.VuforiaSamples.app.ImageTargets.ImageTargets
ADDED from src\main\AndroidManifest.xml:117:9-121:54
	android:launchMode
		ADDED from src\main\AndroidManifest.xml:120:13-44
	android:configChanges
		ADDED from src\main\AndroidManifest.xml:119:13-93
	android:theme
		ADDED from src\main\AndroidManifest.xml:121:13-51
	android:name
		ADDED from src\main\AndroidManifest.xml:118:13-58
activity#com.vuforia.samples.VuforiaSamples.app.VuMark.VuMark
ADDED from src\main\AndroidManifest.xml:122:9-126:54
	android:launchMode
		ADDED from src\main\AndroidManifest.xml:125:13-44
	android:configChanges
		ADDED from src\main\AndroidManifest.xml:124:13-93
	android:theme
		ADDED from src\main\AndroidManifest.xml:126:13-51
	android:name
		ADDED from src\main\AndroidManifest.xml:123:13-46
activity#com.vuforia.samples.VuforiaSamples.app.TextRecognition.TextReco
ADDED from src\main\AndroidManifest.xml:127:9-131:54
	android:launchMode
		ADDED from src\main\AndroidManifest.xml:130:13-44
	android:configChanges
		ADDED from src\main\AndroidManifest.xml:129:13-93
	android:theme
		ADDED from src\main\AndroidManifest.xml:131:13-51
	android:name
		ADDED from src\main\AndroidManifest.xml:128:13-57
activity#com.vuforia.samples.VuforiaSamples.app.CylinderTargets.CylinderTargets
ADDED from src\main\AndroidManifest.xml:132:9-136:54
	android:launchMode
		ADDED from src\main\AndroidManifest.xml:135:13-44
	android:configChanges
		ADDED from src\main\AndroidManifest.xml:134:13-93
	android:theme
		ADDED from src\main\AndroidManifest.xml:136:13-51
	android:name
		ADDED from src\main\AndroidManifest.xml:133:13-64
activity#com.vuforia.samples.VuforiaSamples.app.VirtualButtons.VirtualButtons
ADDED from src\main\AndroidManifest.xml:137:9-141:54
	android:launchMode
		ADDED from src\main\AndroidManifest.xml:140:13-44
	android:configChanges
		ADDED from src\main\AndroidManifest.xml:139:13-93
	android:theme
		ADDED from src\main\AndroidManifest.xml:141:13-51
	android:name
		ADDED from src\main\AndroidManifest.xml:138:13-62
activity#com.vuforia.samples.VuforiaSamples.app.UserDefinedTargets.UserDefinedTargets
ADDED from src\main\AndroidManifest.xml:142:9-146:54
	android:launchMode
		ADDED from src\main\AndroidManifest.xml:145:13-44
	android:configChanges
		ADDED from src\main\AndroidManifest.xml:144:13-93
	android:theme
		ADDED from src\main\AndroidManifest.xml:146:13-51
	android:name
		ADDED from src\main\AndroidManifest.xml:143:13-70
activity#com.vuforia.samples.VuforiaSamples.app.MultiTargets.MultiTargets
ADDED from src\main\AndroidManifest.xml:147:9-151:54
	android:launchMode
		ADDED from src\main\AndroidManifest.xml:150:13-44
	android:configChanges
		ADDED from src\main\AndroidManifest.xml:149:13-93
	android:theme
		ADDED from src\main\AndroidManifest.xml:151:13-51
	android:name
		ADDED from src\main\AndroidManifest.xml:148:13-58
activity#com.vuforia.samples.VuforiaSamples.app.CloudRecognition.CloudReco
ADDED from src\main\AndroidManifest.xml:152:9-156:54
	android:launchMode
		ADDED from src\main\AndroidManifest.xml:155:13-44
	android:configChanges
		ADDED from src\main\AndroidManifest.xml:154:13-93
	android:theme
		ADDED from src\main\AndroidManifest.xml:156:13-51
	android:name
		ADDED from src\main\AndroidManifest.xml:153:13-59
activity#com.vuforia.samples.VuforiaSamples.app.ObjectRecognition.ObjectTargets
ADDED from src\main\AndroidManifest.xml:157:9-161:54
	android:launchMode
		ADDED from src\main\AndroidManifest.xml:160:13-44
	android:configChanges
		ADDED from src\main\AndroidManifest.xml:159:13-93
	android:theme
		ADDED from src\main\AndroidManifest.xml:161:13-51
	android:name
		ADDED from src\main\AndroidManifest.xml:158:13-64
activity#com.vuforia.samples.VuforiaSamples.ShowMapActivity
ADDED from src\main\AndroidManifest.xml:162:9-164:72
	android:theme
		ADDED from src\main\AndroidManifest.xml:164:13-69
	android:name
		ADDED from src\main\AndroidManifest.xml:163:13-44
meta-data#com.amap.api.v2.apikey
ADDED from src\main\AndroidManifest.xml:166:9-168:64
	android:value
		ADDED from src\main\AndroidManifest.xml:168:13-61
	android:name
		ADDED from src\main\AndroidManifest.xml:167:13-50
service#com.amap.api.location.APSService
ADDED from src\main\AndroidManifest.xml:170:9-68
	android:name
		ADDED from src\main\AndroidManifest.xml:170:18-65
activity#com.vuforia.samples.VuforiaSamples.LoginActivity
ADDED from src\main\AndroidManifest.xml:172:9-174:72
	android:theme
		ADDED from src\main\AndroidManifest.xml:174:13-69
	android:name
		ADDED from src\main\AndroidManifest.xml:173:13-42
activity#com.vuforia.samples.VuforiaSamples.RigisterActivity
ADDED from src\main\AndroidManifest.xml:175:9-177:72
	android:theme
		ADDED from src\main\AndroidManifest.xml:177:13-69
	android:name
		ADDED from src\main\AndroidManifest.xml:176:13-45
activity#com.vuforia.samples.VuforiaSamples.BoundaryActivity
ADDED from src\main\AndroidManifest.xml:178:9-180:20
	android:name
		ADDED from src\main\AndroidManifest.xml:178:19-51